<?xml version="1.0" encoding="UTF-8"?>
<!-- Generated by org.testng.reporters.JUnitXMLReporter -->
<testsuite ignored="3" hostname="pavanis-Air" failures="0" tests="2" name="Default test" time="32.758" errors="0" timestamp="2024-04-21T11:38:45 CDT">
  <testcase classname="com.opencart.testcases.ProductInfoPageTest" name="AddToCartTest" time="10.692"/>
  <testcase classname="com.opencart.testcases.ProductInfoPageTest" name="AddToCartTest" time="7.139"/>
  <testcase classname="com.opencart.testcases.ProductInfoPageTest" name="getProductInfoTest" time="0.0">
    <ignored/>
  </testcase> <!-- getProductInfoTest -->
  <testcase classname="com.opencart.testcases.ProductInfoPageTest" name="ProdImageCountTest" time="0.0">
    <ignored/>
  </testcase> <!-- ProdImageCountTest -->
  <testcase classname="com.opencart.testcases.ProductInfoPageTest" name="ProdDecsriptionTest" time="0.0">
    <ignored/>
  </testcase> <!-- ProdDecsriptionTest -->
</testsuite> <!-- Default test -->
