<?xml version="1.0" encoding="UTF-8"?>
<!-- Generated by org.testng.reporters.JUnitXMLReporter -->
<testsuite ignored="0" hostname="pavanis-Air" failures="0" tests="10" name="Accounts Page Test" time="33.681" errors="0" timestamp="2024-04-14T16:29:04 CDT">
  <testcase classname="com.opencart.testcases.AccountPageTest" name="PerformSearchTest" time="2.606"/>
  <testcase classname="com.opencart.testcases.AccountPageTest" name="SearchPageExistsTest" time="0.1"/>
  <testcase classname="com.opencart.testcases.AccountPageTest" name="SearchProductCountTest" time="2.125"/>
  <testcase classname="com.opencart.testcases.ProductInfoPageTest" name="AddToCartTest" time="8.603"/>
  <testcase classname="com.opencart.testcases.AccountPageTest" name="SearchProductCountTest" time="1.836"/>
  <testcase classname="com.opencart.testcases.RegisterPageTest" name="RegistrationTest" time="11.142"/>
  <testcase classname="com.opencart.testcases.AccountPageTest" name="SelectProductTest" time="3.704"/>
  <testcase classname="com.opencart.testcases.ProductInfoPageTest" name="AddToCartTest" time="5.348"/>
  <testcase classname="com.opencart.testcases.ProductInfoPageTest" name="ProdDecsriptionTest" time="2.841"/>
  <testcase classname="com.opencart.testcases.AccountPageTest" name="SelectProductTest" time="3.096"/>
</testsuite> <!-- Accounts Page Test -->
