<?xml version="1.0" encoding="UTF-8"?>
<!-- Generated by org.testng.reporters.JUnitXMLReporter -->
<testsuite ignored="0" hostname="pavanis-Air" failures="0" tests="20" name="AccountPage" time="34.346" errors="0" timestamp="2024-04-14T14:47:25 CDT">
  <testcase classname="com.opencart.testcases.LoginPageTest" name="LoginPageTilteTest" time="0.154"/>
  <testcase classname="com.opencart.testcases.LoginPageTest" name="LoginPageURLTest" time="0.115"/>
  <testcase classname="com.opencart.testcases.LoginPageTest" name="forgotPwdLinkExistTest" time="0.607"/>
  <testcase classname="com.opencart.testcases.AccountPageTest" name="AccHeadersTest" time="0.133"/>
  <testcase classname="com.opencart.testcases.AccountPageTest" name="AccountPageURLTest" time="0.163"/>
  <testcase classname="com.opencart.testcases.AccountPageTest" name="AccountPgTitleTest" time="0.03"/>
  <testcase classname="com.opencart.testcases.AccountPageTest" name="LogoutLinkExistTest" time="0.472"/>
  <testcase classname="com.opencart.testcases.LoginPageTest" name="logintest" time="4.182"/>
  <testcase classname="com.opencart.testcases.RegisterPageTest" name="RegisterPgTitleTest" time="1.697"/>
  <testcase classname="com.opencart.testcases.AccountPageTest" name="PerformSearchTest" time="2.977"/>
  <testcase classname="com.opencart.testcases.AccountPageTest" name="PerformSearchTest" time="2.463"/>
  <testcase classname="com.opencart.testcases.AccountPageTest" name="SearchPageExistsTest" time="0.075"/>
  <testcase classname="com.opencart.testcases.ProductInfoPageTest" name="AddToCartTest" time="8.214"/>
  <testcase classname="com.opencart.testcases.AccountPageTest" name="SearchProductCountTest" time="2.473"/>
  <testcase classname="com.opencart.testcases.AccountPageTest" name="SearchProductCountTest" time="1.81"/>
  <testcase classname="com.opencart.testcases.ProductInfoPageTest" name="AddToCartTest" time="5.166"/>
  <testcase classname="com.opencart.testcases.RegisterPageTest" name="RegistrationTest" time="10.942"/>
  <testcase classname="com.opencart.testcases.AccountPageTest" name="SelectProductTest" time="3.552"/>
  <testcase classname="com.opencart.testcases.ProductInfoPageTest" name="ProdDecsriptionTest" time="2.942"/>
  <testcase classname="com.opencart.testcases.AccountPageTest" name="SelectProductTest" time="3.108"/>
</testsuite> <!-- AccountPage -->
