<?xml version="1.0" encoding="UTF-8"?>
<!-- Generated by org.testng.reporters.JUnitXMLReporter -->
<testsuite ignored="0" hostname="pavanis-Air" failures="0" tests="11" name="Account Page" time="26.084" errors="0" timestamp="2024-04-14T21:41:19 CDT">
  <testcase classname="com.opencart.testcases.AccountPageTest" name="AccHeadersTest" time="0.082"/>
  <testcase classname="com.opencart.testcases.AccountPageTest" name="AccountPageURLTest" time="0.019"/>
  <testcase classname="com.opencart.testcases.AccountPageTest" name="AccountPgTitleTest" time="0.028"/>
  <testcase classname="com.opencart.testcases.AccountPageTest" name="LogoutLinkExistTest" time="0.237"/>
  <testcase classname="com.opencart.testcases.AccountPageTest" name="PerformSearchTest" time="2.208"/>
  <testcase classname="com.opencart.testcases.AccountPageTest" name="PerformSearchTest" time="1.811"/>
  <testcase classname="com.opencart.testcases.AccountPageTest" name="SearchPageExistsTest" time="0.041"/>
  <testcase classname="com.opencart.testcases.AccountPageTest" name="SearchProductCountTest" time="1.984"/>
  <testcase classname="com.opencart.testcases.AccountPageTest" name="SearchProductCountTest" time="1.895"/>
  <testcase classname="com.opencart.testcases.AccountPageTest" name="SelectProductTest" time="3.954"/>
  <testcase classname="com.opencart.testcases.AccountPageTest" name="SelectProductTest" time="3.096"/>
</testsuite> <!-- Account Page -->
