<?xml version="1.0" encoding="UTF-8"?>
<!-- Generated by org.testng.reporters.JUnitXMLReporter -->
<testsuite ignored="0" hostname="pavanis-Air" failures="0" tests="11" name="Accounts Page" time="54.202" errors="0" timestamp="2024-04-21T13:21:31 CDT">
  <testcase classname="com.opencart.testcases.AccountPageTest" name="AccHeadersTest" time="0.408"/>
  <testcase classname="com.opencart.testcases.AccountPageTest" name="AccountPageURLTest" time="0.03"/>
  <testcase classname="com.opencart.testcases.AccountPageTest" name="AccountPgTitleTest" time="0.042"/>
  <testcase classname="com.opencart.testcases.AccountPageTest" name="LogoutLinkExistTest" time="0.823"/>
  <testcase classname="com.opencart.testcases.AccountPageTest" name="PerformSearchTest" time="13.495"/>
  <testcase classname="com.opencart.testcases.AccountPageTest" name="PerformSearchTest" time="2.604"/>
  <testcase classname="com.opencart.testcases.AccountPageTest" name="SearchPageExistsTest" time="0.035"/>
  <testcase classname="com.opencart.testcases.AccountPageTest" name="SearchProductCountTest" time="1.777"/>
  <testcase classname="com.opencart.testcases.AccountPageTest" name="SearchProductCountTest" time="2.776"/>
  <testcase classname="com.opencart.testcases.AccountPageTest" name="SelectProductTest" time="6.144"/>
  <testcase classname="com.opencart.testcases.AccountPageTest" name="SelectProductTest" time="4.167"/>
</testsuite> <!-- Accounts Page -->
