<?xml version="1.0" encoding="UTF-8"?>
<!-- Generated by org.testng.reporters.JUnitXMLReporter -->
<testsuite ignored="0" hostname="pavanis-Air" failures="0" tests="8" name="LoginPage" time="18.02" errors="0" timestamp="2024-04-14T14:47:10 CDT">
  <testcase classname="com.opencart.testcases.LoginPageTest" name="LoginPageTilteTest" time="0.154"/>
  <testcase classname="com.opencart.testcases.LoginPageTest" name="LoginPageURLTest" time="0.115"/>
  <testcase classname="com.opencart.testcases.LoginPageTest" name="forgotPwdLinkExistTest" time="0.607"/>
  <testcase classname="com.opencart.testcases.AccountPageTest" name="AccHeadersTest" time="0.133"/>
  <testcase classname="com.opencart.testcases.AccountPageTest" name="AccountPageURLTest" time="0.163"/>
  <testcase classname="com.opencart.testcases.AccountPageTest" name="AccountPgTitleTest" time="0.03"/>
  <testcase classname="com.opencart.testcases.AccountPageTest" name="LogoutLinkExistTest" time="0.472"/>
  <testcase classname="com.opencart.testcases.LoginPageTest" name="logintest" time="4.182"/>
</testsuite> <!-- LoginPage -->
