<?xml version="1.0" encoding="UTF-8"?>
<!-- Generated by org.testng.reporters.JUnitXMLReporter -->
<testsuite ignored="0" hostname="pavanis-Air" failures="0" tests="10" name="Login Page Test" time="17.826" errors="0" timestamp="2024-04-14T16:28:52 CDT">
  <testcase classname="com.opencart.testcases.LoginPageTest" name="LoginPageTilteTest" time="0.136"/>
  <testcase classname="com.opencart.testcases.LoginPageTest" name="LoginPageURLTest" time="0.139"/>
  <testcase classname="com.opencart.testcases.LoginPageTest" name="forgotPwdLinkExistTest" time="0.678"/>
  <testcase classname="com.opencart.testcases.AccountPageTest" name="AccHeadersTest" time="0.268"/>
  <testcase classname="com.opencart.testcases.AccountPageTest" name="AccountPageURLTest" time="0.15"/>
  <testcase classname="com.opencart.testcases.AccountPageTest" name="AccountPgTitleTest" time="0.075"/>
  <testcase classname="com.opencart.testcases.AccountPageTest" name="LogoutLinkExistTest" time="0.182"/>
  <testcase classname="com.opencart.testcases.LoginPageTest" name="logintest" time="4.333"/>
  <testcase classname="com.opencart.testcases.RegisterPageTest" name="RegisterPgTitleTest" time="1.998"/>
  <testcase classname="com.opencart.testcases.AccountPageTest" name="PerformSearchTest" time="2.679"/>
</testsuite> <!-- Login Page Test -->
