<?xml version="1.0" encoding="UTF-8"?>
<!-- Generated by org.testng.reporters.JUnitXMLReporter -->
<testsuite ignored="0" hostname="pavanis-Air" failures="0" tests="4" name="Login Page" time="26.12" errors="0" timestamp="2024-04-21T13:21:03 CDT">
  <testcase classname="com.opencart.testcases.LoginPageTest" name="LoginPageTilteTest" time="0.177"/>
  <testcase classname="com.opencart.testcases.LoginPageTest" name="LoginPageURLTest" time="0.064"/>
  <testcase classname="com.opencart.testcases.LoginPageTest" name="forgotPwdLinkExistTest" time="1.542"/>
  <testcase classname="com.opencart.testcases.LoginPageTest" name="logintest" time="10.08"/>
</testsuite> <!-- Login Page -->
