<?xml version="1.0" encoding="UTF-8"?>
<!-- Generated by org.testng.reporters.JUnitXMLReporter -->
<testsuite ignored="0" hostname="pavanis-Air" failures="0" tests="8" name="ProductInfo Page" time="74.128" errors="0" timestamp="2024-04-21T13:21:51 CDT">
  <testcase classname="com.opencart.testcases.ProductInfoPageTest" name="AddToCartTest" time="17.234"/>
  <testcase classname="com.opencart.testcases.ProductInfoPageTest" name="AddToCartTest" time="13.936"/>
  <testcase classname="com.opencart.testcases.ProductInfoPageTest" name="ProdDecsriptionTest" time="5.145"/>
  <testcase classname="com.opencart.testcases.ProductInfoPageTest" name="ProdDecsriptionTest" time="4.062"/>
  <testcase classname="com.opencart.testcases.ProductInfoPageTest" name="ProdImageCountTest" time="2.144"/>
  <testcase classname="com.opencart.testcases.ProductInfoPageTest" name="ProdImageCountTest" time="2.21"/>
  <testcase classname="com.opencart.testcases.ProductInfoPageTest" name="getProductInfoTest" time="2.882"/>
  <testcase classname="com.opencart.testcases.ProductInfoPageTest" name="getProductInfoTest" time="4.412"/>
</testsuite> <!-- ProductInfo Page -->
