<?xml version="1.0" encoding="UTF-8"?>
<!-- Generated by org.testng.reporters.JUnitXMLReporter -->
<testsuite ignored="0" hostname="pavanis-Air" failures="0" tests="4" name="Register Page" time="68.197" errors="0" timestamp="2024-04-21T13:21:45 CDT">
  <testcase classname="com.opencart.testcases.RegisterPageTest" name="RegisterPgTitleTest" time="3.438"/>
  <testcase classname="com.opencart.testcases.RegisterPageTest" name="RegistrationTest" time="17.673"/>
  <testcase classname="com.opencart.testcases.RegisterPageTest" name="RegistrationTest" time="12.008"/>
  <testcase classname="com.opencart.testcases.RegisterPageTest" name="RegistrationTest" time="10.347"/>
</testsuite> <!-- Register Page -->
